  TextureHolder.cpp
  Zombie.cpp
C:\Users\fgfog\Documents\Codes\VisualStudioStuff\zombieArenaGameCpp\ZombieArena\ZombieArena\Zombie.cpp(46,17): warning C4244: 'initializing': conversion from 'int' to 'float', possible loss of data
C:\Users\fgfog\Documents\Codes\VisualStudioStuff\zombieArenaGameCpp\ZombieArena\ZombieArena\Zombie.cpp(127,14): warning C4244: 'initializing': conversion from 'double' to 'float', possible loss of data
  ZombieArena.cpp
C:\Users\fgfog\Documents\Codes\VisualStudioStuff\zombieArenaGameCpp\ZombieArena\ZombieArena\ZombieArena.cpp(21,44): warning C4244: '=': conversion from 'unsigned int' to 'T', possible loss of data
          with
          [
              T=float
          ]
C:\Users\fgfog\Documents\Codes\VisualStudioStuff\zombieArenaGameCpp\ZombieArena\ZombieArena\ZombieArena.cpp(22,44): warning C4244: '=': conversion from 'unsigned int' to 'T', possible loss of data
          with
          [
              T=float
          ]
C:\Users\fgfog\Documents\Codes\VisualStudioStuff\zombieArenaGameCpp\ZombieArena\ZombieArena\ZombieArena.cpp(24,56): warning C4244: 'argument': conversion from 'T' to 'unsigned int', possible loss of data
          with
          [
              T=float
          ]
C:\Users\fgfog\Documents\Codes\VisualStudioStuff\zombieArenaGameCpp\ZombieArena\ZombieArena\ZombieArena.cpp(24,42): warning C4244: 'argument': conversion from 'T' to 'unsigned int', possible loss of data
          with
          [
              T=float
          ]
  Generating Code...
  ZombieArena.vcxproj -> C:\Users\fgfog\Documents\Codes\VisualStudioStuff\zombieArenaGameCpp\ZombieArena\Debug\ZombieArena.exe
